<?xml version="1.0" encoding="UTF-8"?>
<!-- Generated by org.testng.reporters.JUnitXMLReporter -->
<testsuite hostname="DESKTOP-FA670DI" ignored="0" name="Default test" tests="2" failures="0" timestamp="2019-09-05T17:27:17 CST" time="1.537" errors="0">
  <testcase name="testGetCookie" time="1.438" classname="com.mooc.httpclient.cookie.MyCookiesForPost"/>
  <testcase name="testPostMethod" time="0.026" classname="com.mooc.httpclient.cookie.MyCookiesForPost"/>
</testsuite> <!-- Default test -->
