<?xml version="1.0" encoding="UTF-8"?>
<testng-results skipped="0" failed="0" ignored="0" total="2" passed="2">
  <reporter-output>
  </reporter-output>
  <suite name="Default suite" duration-ms="1537" started-at="2019-09-05T17:27:15 CST" finished-at="2019-09-05T17:27:17 CST">
    <groups>
    </groups>
    <test name="Default test" duration-ms="1537" started-at="2019-09-05T17:27:15 CST" finished-at="2019-09-05T17:27:17 CST">
      <class name="com.mooc.httpclient.cookie.MyCookiesForPost">
        <test-method status="PASS" signature="beforeTest()[pri:0, instance:com.mooc.httpclient.cookie.MyCookiesForPost@2b9627bc]" name="beforeTest" is-config="true" duration-ms="23" started-at="2019-09-05T17:27:15 CST" finished-at="2019-09-05T17:27:16 CST">
          <reporter-output>
          </reporter-output>
        </test-method> <!-- beforeTest -->
        <test-method status="PASS" signature="testGetCookie()[pri:0, instance:com.mooc.httpclient.cookie.MyCookiesForPost@2b9627bc]" name="testGetCookie" duration-ms="1438" started-at="2019-09-05T17:27:16 CST" finished-at="2019-09-05T17:27:17 CST">
          <reporter-output>
          </reporter-output>
        </test-method> <!-- testGetCookie -->
        <test-method status="PASS" signature="testPostMethod()[pri:0, instance:com.mooc.httpclient.cookie.MyCookiesForPost@2b9627bc]" name="testPostMethod" duration-ms="26" started-at="2019-09-05T17:27:17 CST" depends-on-methods="com.mooc.httpclient.cookie.MyCookiesForPost.testGetCookie" finished-at="2019-09-05T17:27:17 CST">
          <reporter-output>
          </reporter-output>
        </test-method> <!-- testPostMethod -->
      </class> <!-- com.mooc.httpclient.cookie.MyCookiesForPost -->
    </test> <!-- Default test -->
  </suite> <!-- Default suite -->
</testng-results>
