<?xml version="1.0" encoding="UTF-8"?>
<testng-results skipped="0" failed="0" ignored="0" total="2" passed="2">
  <reporter-output>
  </reporter-output>
  <suite name="Default suite" duration-ms="86" started-at="2019-09-05T17:18:13 CST" finished-at="2019-09-05T17:18:13 CST">
    <groups>
    </groups>
    <test name="Default test" duration-ms="86" started-at="2019-09-05T17:18:13 CST" finished-at="2019-09-05T17:18:13 CST">
      <class name="com.mooc.testng.BasicAnnotation">
        <test-method status="PASS" signature="beforeSuite()[pri:0, instance:com.mooc.testng.BasicAnnotation@6b09bb57]" name="beforeSuite" is-config="true" duration-ms="31" started-at="2019-09-05T17:18:13 CST" finished-at="2019-09-05T17:18:13 CST">
          <reporter-output>
          </reporter-output>
        </test-method> <!-- beforeSuite -->
        <test-method status="PASS" signature="beforeClass()[pri:0, instance:com.mooc.testng.BasicAnnotation@6b09bb57]" name="beforeClass" is-config="true" duration-ms="1" started-at="2019-09-05T17:18:13 CST" finished-at="2019-09-05T17:18:13 CST">
          <reporter-output>
          </reporter-output>
        </test-method> <!-- beforeClass -->
        <test-method status="PASS" signature="beforeMethod()[pri:0, instance:com.mooc.testng.BasicAnnotation@6b09bb57]" name="beforeMethod" is-config="true" duration-ms="1" started-at="2019-09-05T17:18:13 CST" finished-at="2019-09-05T17:18:13 CST">
          <reporter-output>
          </reporter-output>
        </test-method> <!-- beforeMethod -->
        <test-method status="PASS" signature="testCase01()[pri:0, instance:com.mooc.testng.BasicAnnotation@6b09bb57]" name="testCase01" duration-ms="8" started-at="2019-09-05T17:18:13 CST" finished-at="2019-09-05T17:18:13 CST">
          <reporter-output>
          </reporter-output>
        </test-method> <!-- testCase01 -->
        <test-method status="PASS" signature="afterMethod()[pri:0, instance:com.mooc.testng.BasicAnnotation@6b09bb57]" name="afterMethod" is-config="true" duration-ms="1" started-at="2019-09-05T17:18:13 CST" finished-at="2019-09-05T17:18:13 CST">
          <reporter-output>
          </reporter-output>
        </test-method> <!-- afterMethod -->
        <test-method status="PASS" signature="testCase02()[pri:0, instance:com.mooc.testng.BasicAnnotation@6b09bb57]" name="testCase02" duration-ms="2" started-at="2019-09-05T17:18:13 CST" finished-at="2019-09-05T17:18:13 CST">
          <reporter-output>
          </reporter-output>
        </test-method> <!-- testCase02 -->
        <test-method status="PASS" signature="beforeMethod()[pri:0, instance:com.mooc.testng.BasicAnnotation@6b09bb57]" name="beforeMethod" is-config="true" duration-ms="0" started-at="2019-09-05T17:18:13 CST" finished-at="2019-09-05T17:18:13 CST">
          <reporter-output>
          </reporter-output>
        </test-method> <!-- beforeMethod -->
        <test-method status="PASS" signature="afterMethod()[pri:0, instance:com.mooc.testng.BasicAnnotation@6b09bb57]" name="afterMethod" is-config="true" duration-ms="0" started-at="2019-09-05T17:18:13 CST" finished-at="2019-09-05T17:18:13 CST">
          <reporter-output>
          </reporter-output>
        </test-method> <!-- afterMethod -->
        <test-method status="PASS" signature="afterClass()[pri:0, instance:com.mooc.testng.BasicAnnotation@6b09bb57]" name="afterClass" is-config="true" duration-ms="0" started-at="2019-09-05T17:18:13 CST" finished-at="2019-09-05T17:18:13 CST">
          <reporter-output>
          </reporter-output>
        </test-method> <!-- afterClass -->
        <test-method status="PASS" signature="afterSuite()[pri:0, instance:com.mooc.testng.BasicAnnotation@6b09bb57]" name="afterSuite" is-config="true" duration-ms="1" started-at="2019-09-05T17:18:13 CST" finished-at="2019-09-05T17:18:13 CST">
          <reporter-output>
          </reporter-output>
        </test-method> <!-- afterSuite -->
      </class> <!-- com.mooc.testng.BasicAnnotation -->
    </test> <!-- Default test -->
  </suite> <!-- Default suite -->
</testng-results>
